------------------------------------------------------
Started: 2024-02-19 11:39:00
Existing_entries: 0
Fetching from https://nitter.cz/caolei1/rss
Feed error: 404
Fetching from https://nitter.cz/caiziboshi/rss
Feed error: 404
Fetching from https://nitter.cz/Pandazhq/rss
Feed error: 404
Fetching from https://nitter.cz/whyyoutouzhele/rss
Feed error: 404
Fetching from https://nitter.cz/fangshimin/rss
Feed error: 404
Fetching from https://nitter.cz/cskun1989/rss
Feed error: 404
Fetching from https://nitter.cz/myfxtrader/rss
Feed error: 404
Fetching from https://nitter.cz/xiaojingcanxue/rss
Feed error: 404
append_entries: 0
error when rendering xml, skip docs/Twitter
------------------------------------------------------
Started: 2024-02-19 12:01:32
Existing_entries: 0
Fetching from https://nitter.cz/caolei1/rss
Feed error: 404
Fetching from https://nitter.cz/caiziboshi/rss
Feed error: 404
Fetching from https://nitter.cz/Pandazhq/rss
Feed error: 404
Fetching from https://nitter.cz/whyyoutouzhele/rss
Feed error: 404
Fetching from https://nitter.cz/fangshimin/rss
Feed error: 404
Fetching from https://nitter.cz/cskun1989/rss
Feed error: 404
Fetching from https://nitter.cz/myfxtrader/rss
Feed error: 404
Fetching from https://nitter.cz/xiaojingcanxue/rss
Feed error: 404
append_entries: 0
error when rendering xml, skip docs/Twitter
------------------------------------------------------
Started: 2024-02-19 13:01:27
Existing_entries: 0
Fetching from https://nitter.cz/caolei1/rss
Feed error: 404
Fetching from https://nitter.cz/caiziboshi/rss
Feed error: 404
Fetching from https://nitter.cz/Pandazhq/rss
Feed error: 404
Fetching from https://nitter.cz/whyyoutouzhele/rss
Feed error: 404
Fetching from https://nitter.cz/fangshimin/rss
Feed error: 404
Fetching from https://nitter.cz/cskun1989/rss
Feed error: 404
Fetching from https://nitter.cz/myfxtrader/rss
Feed error: 404
Fetching from https://nitter.cz/xiaojingcanxue/rss
Feed error: 404
append_entries: 0
error when rendering xml, skip docs/Twitter
